{"/mnt/c/Users/natha/transport/projects/real-world-app/express-proj/controllers/eoiController.js": {"path":"/mnt/c/Users/natha/transport/projects/real-world-app/express-proj/controllers/eoiController.js","statementMap":{"0":{"start":{"line":3,"column":22},"end":{"line":73,"column":1}},"1":{"start":{"line":5,"column":17},"end":{"line":68,"column":5}},"2":{"start":{"line":6,"column":8},"end":{"line":67,"column":9}},"3":{"start":{"line":25,"column":16},"end":{"line":25,"column":19}},"4":{"start":{"line":28,"column":28},"end":{"line":30,"column":14}},"5":{"start":{"line":32,"column":28},"end":{"line":38,"column":14}},"6":{"start":{"line":40,"column":29},"end":{"line":50,"column":14}},"7":{"start":{"line":53,"column":12},"end":{"line":53,"column":37}},"8":{"start":{"line":54,"column":12},"end":{"line":54,"column":37}},"9":{"start":{"line":55,"column":12},"end":{"line":55,"column":38}},"10":{"start":{"line":58,"column":12},"end":{"line":58,"column":33}},"11":{"start":{"line":59,"column":12},"end":{"line":59,"column":33}},"12":{"start":{"line":60,"column":12},"end":{"line":60,"column":34}},"13":{"start":{"line":63,"column":12},"end":{"line":63,"column":19}},"14":{"start":{"line":66,"column":12},"end":{"line":66,"column":31}},"15":{"start":{"line":70,"column":4},"end":{"line":72,"column":6}},"16":{"start":{"line":75,"column":0},"end":{"line":75,"column":31}}},"fnMap":{"0":{"name":"(anonymous_0)","decl":{"start":{"line":3,"column":22},"end":{"line":3,"column":23}},"loc":{"start":{"line":3,"column":49},"end":{"line":73,"column":1}},"line":3},"1":{"name":"(anonymous_1)","decl":{"start":{"line":5,"column":17},"end":{"line":5,"column":18}},"loc":{"start":{"line":5,"column":43},"end":{"line":68,"column":5}},"line":5}},"branchMap":{},"s":{"0":1,"1":1,"2":1,"3":1,"4":1,"5":0,"6":0,"7":0,"8":0,"9":0,"10":0,"11":0,"12":0,"13":0,"14":1,"15":1,"16":1},"f":{"0":1,"1":1},"b":{},"_coverageSchema":"43e27e138ebf9cfc5966b082cf9a028302ed4184","hash":"eacabd149ce2cb2cb9bcdbcf2505ba742049d435"}
,"/mnt/c/Users/natha/transport/projects/real-world-app/express-proj/middleware/res/clientResponse.js": {"path":"/mnt/c/Users/natha/transport/projects/real-world-app/express-proj/middleware/res/clientResponse.js","statementMap":{"0":{"start":{"line":2,"column":23},"end":{"line":12,"column":1}},"1":{"start":{"line":4,"column":17},"end":{"line":7,"column":5}},"2":{"start":{"line":4,"column":30},"end":{"line":7,"column":5}},"3":{"start":{"line":5,"column":8},"end":{"line":5,"column":24}},"4":{"start":{"line":6,"column":8},"end":{"line":6,"column":26}},"5":{"start":{"line":9,"column":4},"end":{"line":11,"column":6}},"6":{"start":{"line":14,"column":0},"end":{"line":14,"column":32}}},"fnMap":{"0":{"name":"(anonymous_0)","decl":{"start":{"line":2,"column":23},"end":{"line":2,"column":24}},"loc":{"start":{"line":2,"column":29},"end":{"line":12,"column":1}},"line":2},"1":{"name":"(anonymous_1)","decl":{"start":{"line":4,"column":17},"end":{"line":4,"column":18}},"loc":{"start":{"line":4,"column":30},"end":{"line":7,"column":5}},"line":4},"2":{"name":"(anonymous_2)","decl":{"start":{"line":4,"column":30},"end":{"line":4,"column":31}},"loc":{"start":{"line":4,"column":50},"end":{"line":7,"column":5}},"line":4}},"branchMap":{},"s":{"0":1,"1":1,"2":1,"3":1,"4":1,"5":1,"6":1},"f":{"0":1,"1":1,"2":1},"b":{},"_coverageSchema":"43e27e138ebf9cfc5966b082cf9a028302ed4184","hash":"dcf27762b42798facca3fc57a4e26dc04d97b57b"}
}
