TN:
SF:/mnt/c/Users/natha/transport/projects/real-world-app/src/express-proj/controllers/eoiController.js
FN:3,(anonymous_0)
FN:5,(anonymous_1)
FNF:2
FNH:2
FNDA:1,(anonymous_0)
FNDA:1,(anonymous_1)
DA:3,1
DA:5,1
DA:6,1
DA:25,1
DA:28,1
DA:32,0
DA:40,0
DA:54,0
DA:55,0
DA:56,0
DA:59,0
DA:60,0
DA:61,0
DA:64,0
DA:67,1
DA:71,1
DA:76,1
LF:17
LH:8
BRF:0
BRH:0
end_of_record
TN:
SF:/mnt/c/Users/natha/transport/projects/real-world-app/src/express-proj/middleware/res/clientResponse.js
FN:2,(anonymous_0)
FN:4,(anonymous_1)
FN:4,(anonymous_2)
FNF:3
FNH:3
FNDA:1,(anonymous_0)
FNDA:1,(anonymous_1)
FNDA:1,(anonymous_2)
DA:2,1
DA:4,1
DA:5,1
DA:6,1
DA:9,1
DA:14,1
LF:6
LH:6
BRF:0
BRH:0
end_of_record
